#
# There is insufficient memory for the Java Runtime Environment to continue.
# Native memory allocation (malloc) failed to allocate 1088656 bytes for Chunk::new
# Possible reasons:
#   The system is out of physical RAM or swap space
#   In 32 bit mode, the process size limit was hit
# Possible solutions:
#   Reduce memory load on the system
#   Increase physical memory or swap space
#   Check if swap backing store is full
#   Use 64 bit Java on a 64 bit OS
#   Decrease Java heap size (-Xmx/-Xms)
#   Decrease number of Java threads
#   Decrease Java thread stack sizes (-Xss)
#   Set larger code cache with -XX:ReservedCodeCacheSize=
# This output file may be truncated or incomplete.
#
#  Out of Memory Error (allocation.cpp:390), pid=36376, tid=0x0000000000004260
#
# JRE version: OpenJDK Runtime Environment (8.0_152-b01) (build 1.8.0_152-release-915-b01)
# Java VM: OpenJDK 64-Bit Server VM (25.152-b01 mixed mode windows-amd64 compressed oops)
# Failed to write core dump. Minidumps are not enabled by default on client versions of Windows
#

---------------  T H R E A D  ---------------

Current thread (0x00000000181a3000):  JavaThread "C2 CompilerThread1" daemon [_thread_in_native, id=16992, stack(0x0000000019910000,0x0000000019a10000)]

Stack: [0x0000000019910000,0x0000000019a10000]
[error occurred during error reporting (printing stack bounds), id 0xc0000005]

Native frames: (J=compiled Java code, j=interpreted, Vv=VM code, C=native code)


Current CompileTask:
C2: 832958 20162       4       org.gradle.api.internal.artifacts.transform.DefaultTransformedFileCache::getResult (69 bytes)


---------------  P R O C E S S  ---------------

Java Threads: ( => current thread )
  0x000000001d5d1800 JavaThread "Task worker for ':' Thread 3" [_thread_in_native, id=7916, stack(0x0000000039950000,0x0000000039a50000)]
  0x000000001d5d3000 JavaThread "Task worker for ':' Thread 2" [_thread_blocked, id=36620, stack(0x0000000039850000,0x0000000039950000)]
  0x000000001d5d0000 JavaThread "Task worker for ':'" [_thread_blocked, id=33888, stack(0x0000000039750000,0x0000000039850000)]
  0x000000001d5cf800 JavaThread "Cache worker for task history cache (C:\Users\AFA\Desktop\LBR\GEOBUDDY\.gradle\4.1\taskHistory)" [_thread_blocked, id=36460, stack(0x0000000039650000,0x0000000039750000)]
  0x000000001d5ce800 JavaThread "Cache worker for file content cache (C:\Users\AFA\Desktop\LBR\GEOBUDDY\.gradle\4.1\fileContent)" [_thread_blocked, id=27652, stack(0x0000000039550000,0x0000000039650000)]
  0x000000001d5d1000 JavaThread "build operations Thread 4" [_thread_blocked, id=35128, stack(0x0000000039450000,0x0000000039550000)]
  0x000000001d5c9800 JavaThread "build operations Thread 3" [_thread_blocked, id=14856, stack(0x0000000039350000,0x0000000039450000)]
  0x000000001d5c8000 JavaThread "build operations Thread 2" [_thread_blocked, id=9504, stack(0x0000000039250000,0x0000000039350000)]
  0x000000001d5c7000 JavaThread "build operations" [_thread_blocked, id=34948, stack(0x0000000039150000,0x0000000039250000)]
  0x000000001d5ce000 JavaThread "Cache worker for Artifact transforms cache (C:\Users\AFA\.gradle\caches\transforms-1)" [_thread_blocked, id=17676, stack(0x0000000039050000,0x0000000039150000)]
  0x000000001d5c6800 JavaThread "Cache worker for file hash cache (C:\Users\AFA\Desktop\LBR\GEOBUDDY\.gradle\4.1\fileHashes)" [_thread_blocked, id=4000, stack(0x0000000038f50000,0x0000000039050000)]
  0x000000001d5c8800 JavaThread "Stdin handler" [_thread_blocked, id=30380, stack(0x0000000038e50000,0x0000000038f50000)]
  0x000000001d5cd000 JavaThread "Asynchronous log dispatcher for DefaultDaemonConnection: socket connection from /127.0.0.1:18644 to /127.0.0.1:19537" [_thread_blocked, id=33408, stack(0x0000000038d50000,0x0000000038e50000)]
  0x000000001d5c5800 JavaThread "Daemon worker Thread 5" [_thread_blocked, id=33736, stack(0x0000000038c50000,0x0000000038d50000)]
  0x000000001d5cb000 JavaThread "Cancel handler" [_thread_blocked, id=1328, stack(0x0000000038b50000,0x0000000038c50000)]
  0x000000001d5ca000 JavaThread "Handler for socket connection from /127.0.0.1:18644 to /127.0.0.1:19537" [_thread_in_native, id=1652, stack(0x0000000038a50000,0x0000000038b50000)]
  0x000000001d5c5000 JavaThread "Daemon Thread 5" [_thread_blocked, id=17184, stack(0x0000000038950000,0x0000000038a50000)]
  0x000000001a78a000 JavaThread "Memory manager" [_thread_blocked, id=35392, stack(0x0000000023c20000,0x0000000023d20000)]
  0x000000001a789800 JavaThread "pool-1-thread-1" [_thread_blocked, id=35188, stack(0x0000000023920000,0x0000000023a20000)]
  0x000000001b3c8800 JavaThread "File lock request listener" [_thread_in_native, id=16316, stack(0x000000001cd60000,0x000000001ce60000)]
  0x000000001a38f000 JavaThread "Cache worker for file hash cache (C:\Users\AFA\.gradle\caches\4.1\fileHashes)" [_thread_blocked, id=34244, stack(0x000000001cc60000,0x000000001cd60000)]
  0x000000001aee0800 JavaThread "Daemon periodic checks" [_thread_blocked, id=8288, stack(0x000000001c160000,0x000000001c260000)]
  0x000000001aedd800 JavaThread "Incoming local TCP Connector on port 18644" [_thread_in_native, id=29404, stack(0x000000001bf20000,0x000000001c020000)]
  0x0000000019b13000 JavaThread "Service Thread" daemon [_thread_blocked, id=33008, stack(0x0000000019f10000,0x000000001a010000)]
  0x00000000181fb800 JavaThread "C1 CompilerThread2" daemon [_thread_blocked, id=36668, stack(0x0000000019a10000,0x0000000019b10000)]
=>0x00000000181a3000 JavaThread "C2 CompilerThread1" daemon [_thread_in_native, id=16992, stack(0x0000000019910000,0x0000000019a10000)]
  0x000000001819f000 JavaThread "C2 CompilerThread0" daemon [_thread_blocked, id=29364, stack(0x0000000019810000,0x0000000019910000)]
  0x000000001819c000 JavaThread "Attach Listener" daemon [_thread_blocked, id=33472, stack(0x0000000019710000,0x0000000019810000)]
  0x000000001819b000 JavaThread "Signal Dispatcher" daemon [_thread_blocked, id=25920, stack(0x0000000019610000,0x0000000019710000)]
  0x0000000004826800 JavaThread "Finalizer" daemon [_thread_blocked, id=9152, stack(0x0000000019420000,0x0000000019520000)]
  0x0000000004821800 JavaThread "Reference Handler" daemon [_thread_blocked, id=34752, stack(0x0000000019320000,0x0000000019420000)]
  0x000000000472e000 JavaThread "main" [_thread_blocked, id=36848, stack(0x00000000045b0000,0x00000000046b0000)]

Other Threads:
  0x0000000018165800 VMThread [stack: 0x0000000019220000,0x0000000019320000] [id=34168]
  0x0000000019b15000 WatcherThread [stack: 0x000000001a010000,0x000000001a110000] [id=37008]

VM state:not at safepoint (normal execution)

VM Mutex/Monitor currently owned by a thread: None

Heap:
 PSYoungGen      total 412160K, used 251383K [0x00000000e0000000, 0x00000000fcd80000, 0x0000000100000000)
  eden space 382464K, 57% used [0x00000000e0000000,0x00000000ed89c720,0x00000000f7580000)
  from space 29696K, 99% used [0x00000000f8400000,0x00000000fa0e1838,0x00000000fa100000)
  to   space 45056K, 0% used [0x00000000fa180000,0x00000000fa180000,0x00000000fcd80000)
 ParOldGen       total 189440K, used 112144K [0x00000000a0000000, 0x00000000ab900000, 0x00000000e0000000)
  object space 189440K, 59% used [0x00000000a0000000,0x00000000a6d84110,0x00000000ab900000)
 Metaspace       used 77621K, capacity 83774K, committed 83840K, reserved 1122304K
  class space    used 9917K, capacity 11383K, committed 11392K, reserved 1048576K

Card table byte_map: [0x0000000013bf0000,0x0000000013f00000] byte_map_base: 0x00000000136f0000

Marking Bits: (ParMarkBitMap*) 0x000000005d873950
 Begin Bits: [0x0000000014500000, 0x0000000015d00000)
 End Bits:   [0x0000000015d00000, 0x0000000017500000)

Polling page: 0x0000000002c20000

CodeCache: size=245760Kb used=56636Kb max_used=56967Kb free=189123Kb
 bounds [0x0000000004830000, 0x0000000008060000, 0x0000000013830000]
 total_blobs=16553 nmethods=15734 adapters=731
 compilation: enabled

Compilation events (10 events):
Event: 832.591 Thread 0x00000000181fb800 20171       3       com.google.protobuf.AbstractMessageLite$Builder::addAll (117 bytes)
Event: 832.592 Thread 0x00000000181fb800 nmethod 20171 0x0000000006462710 code [0x0000000006462980, 0x00000000064638a8]
Event: 832.594 Thread 0x00000000181fb800 20172       3       org.gradle.api.internal.changedetection.rules.CachingTaskStateChanges$1::computeNext (74 bytes)
Event: 832.594 Thread 0x00000000181fb800 nmethod 20172 0x0000000005a03ad0 code [0x0000000005a03cc0, 0x0000000005a045a8]
Event: 832.594 Thread 0x00000000181fb800 20173       3       com.google.common.collect.SingletonImmutableList::subList (7 bytes)
Event: 832.595 Thread 0x00000000181fb800 nmethod 20173 0x000000000736ae90 code [0x000000000736b020, 0x000000000736b518]
Event: 832.595 Thread 0x00000000181fb800 20174       3       com.google.common.collect.SingletonImmutableList::subList (19 bytes)
Event: 832.595 Thread 0x00000000181fb800 nmethod 20174 0x0000000005a03390 code [0x0000000005a03520, 0x0000000005a03938]
Event: 832.602 Thread 0x00000000181fb800 20175       3       org.gradle.internal.logging.sink.ProgressLogEventGenerator$Operation::plainTextEvent (31 bytes)
Event: 832.603 Thread 0x00000000181fb800 nmethod 20175 0x0000000006cf6950 code [0x0000000006cf6b20, 0x0000000006cf7348]

GC Heap History (10 events):
Event: 569.040 GC heap before
{Heap before GC invocations=16 (full 3):
 PSYoungGen      total 492544K, used 484728K [0x00000000e0000000, 0x00000000ffc80000, 0x0000000100000000)
  eden space 469504K, 100% used [0x00000000e0000000,0x00000000fca80000,0x00000000fca80000)
  from space 23040K, 66% used [0x00000000fe600000,0x00000000ff4de120,0x00000000ffc80000)
  to   space 25600K, 0% used [0x00000000fca80000,0x00000000fca80000,0x00000000fe380000)
 ParOldGen       total 189440K, used 47808K [0x00000000a0000000, 0x00000000ab900000, 0x00000000e0000000)
  object space 189440K, 25% used [0x00000000a0000000,0x00000000a2eb0128,0x00000000ab900000)
 Metaspace       used 70966K, capacity 76082K, committed 76288K, reserved 1116160K
  class space    used 9212K, capacity 10449K, committed 10496K, reserved 1048576K
Event: 569.065 GC heap after
Heap after GC invocations=16 (full 3):
 PSYoungGen      total 465408K, used 13786K [0x00000000e0000000, 0x00000000fe900000, 0x0000000100000000)
  eden space 451584K, 0% used [0x00000000e0000000,0x00000000e0000000,0x00000000fb900000)
  from space 13824K, 99% used [0x00000000fca80000,0x00000000fd7f6bc8,0x00000000fd800000)
  to   space 17408K, 0% used [0x00000000fd800000,0x00000000fd800000,0x00000000fe900000)
 ParOldGen       total 189440K, used 47816K [0x00000000a0000000, 0x00000000ab900000, 0x00000000e0000000)
  object space 189440K, 25% used [0x00000000a0000000,0x00000000a2eb2128,0x00000000ab900000)
 Metaspace       used 70966K, capacity 76082K, committed 76288K, reserved 1116160K
  class space    used 9212K, capacity 10449K, committed 10496K, reserved 1048576K
}
Event: 581.461 GC heap before
{Heap before GC invocations=17 (full 3):
 PSYoungGen      total 465408K, used 465370K [0x00000000e0000000, 0x00000000fe900000, 0x0000000100000000)
  eden space 451584K, 100% used [0x00000000e0000000,0x00000000fb900000,0x00000000fb900000)
  from space 13824K, 99% used [0x00000000fca80000,0x00000000fd7f6bc8,0x00000000fd800000)
  to   space 17408K, 0% used [0x00000000fd800000,0x00000000fd800000,0x00000000fe900000)
 ParOldGen       total 189440K, used 47816K [0x00000000a0000000, 0x00000000ab900000, 0x00000000e0000000)
  object space 189440K, 25% used [0x00000000a0000000,0x00000000a2eb2128,0x00000000ab900000)
 Metaspace       used 75363K, capacity 80666K, committed 80896K, reserved 1120256K
  class space    used 9620K, capacity 10921K, committed 11008K, reserved 1048576K
Event: 581.520 GC heap after
Heap after GC invocations=17 (full 3):
 PSYoungGen      total 446464K, used 17400K [0x00000000e0000000, 0x0000000100000000, 0x0000000100000000)
  eden space 429056K, 0% used [0x00000000e0000000,0x00000000e0000000,0x00000000fa300000)
  from space 17408K, 99% used [0x00000000fd800000,0x00000000fe8fe048,0x00000000fe900000)
  to   space 47616K, 0% used [0x00000000fa300000,0x00000000fa300000,0x00000000fd180000)
 ParOldGen       total 189440K, used 108779K [0x00000000a0000000, 0x00000000ab900000, 0x00000000e0000000)
  object space 189440K, 57% used [0x00000000a0000000,0x00000000a6a3af80,0x00000000ab900000)
 Metaspace       used 75363K, capacity 80666K, committed 80896K, reserved 1120256K
  class space    used 9620K, capacity 10921K, committed 11008K, reserved 1048576K
}
Event: 584.812 GC heap before
{Heap before GC invocations=18 (full 3):
 PSYoungGen      total 446464K, used 446295K [0x00000000e0000000, 0x0000000100000000, 0x0000000100000000)
  eden space 429056K, 99% used [0x00000000e0000000,0x00000000fa2d7c40,0x00000000fa300000)
  from space 17408K, 99% used [0x00000000fd800000,0x00000000fe8fe048,0x00000000fe900000)
  to   space 47616K, 0% used [0x00000000fa300000,0x00000000fa300000,0x00000000fd180000)
 ParOldGen       total 189440K, used 108779K [0x00000000a0000000, 0x00000000ab900000, 0x00000000e0000000)
  object space 189440K, 57% used [0x00000000a0000000,0x00000000a6a3af80,0x00000000ab900000)
 Metaspace       used 76773K, capacity 82274K, committed 82304K, reserved 1120256K
  class space    used 9805K, capacity 11109K, committed 11136K, reserved 1048576K
Event: 584.841 GC heap after
Heap after GC invocations=18 (full 3):
 PSYoungGen      total 436736K, used 23688K [0x00000000e0000000, 0x00000000fed00000, 0x0000000100000000)
  eden space 412672K, 0% used [0x00000000e0000000,0x00000000e0000000,0x00000000f9300000)
  from space 24064K, 98% used [0x00000000fa300000,0x00000000fba22260,0x00000000fba80000)
  to   space 46080K, 0% used [0x00000000fc000000,0x00000000fc000000,0x00000000fed00000)
 ParOldGen       total 189440K, used 112128K [0x00000000a0000000, 0x00000000ab900000, 0x00000000e0000000)
  object space 189440K, 59% used [0x00000000a0000000,0x00000000a6d80110,0x00000000ab900000)
 Metaspace       used 76773K, capacity 82274K, committed 82304K, reserved 1120256K
  class space    used 9805K, capacity 11109K, committed 11136K, reserved 1048576K
}
Event: 637.190 GC heap before
{Heap before GC invocations=19 (full 3):
 PSYoungGen      total 436736K, used 436360K [0x00000000e0000000, 0x00000000fed00000, 0x0000000100000000)
  eden space 412672K, 100% used [0x00000000e0000000,0x00000000f9300000,0x00000000f9300000)
  from space 24064K, 98% used [0x00000000fa300000,0x00000000fba22260,0x00000000fba80000)
  to   space 46080K, 0% used [0x00000000fc000000,0x00000000fc000000,0x00000000fed00000)
 ParOldGen       total 189440K, used 112128K [0x00000000a0000000, 0x00000000ab900000, 0x00000000e0000000)
  object space 189440K, 59% used [0x00000000a0000000,0x00000000a6d80110,0x00000000ab900000)
 Metaspace       used 77217K, capacity 83168K, committed 83328K, reserved 1122304K
  class space    used 9890K, capacity 11296K, committed 11392K, reserved 1048576K
Event: 637.223 GC heap after
Heap after GC invocations=19 (full 3):
 PSYoungGen      total 423936K, used 18100K [0x00000000e0000000, 0x00000000fda00000, 0x0000000100000000)
  eden space 397312K, 0% used [0x00000000e0000000,0x00000000e0000000,0x00000000f8400000)
  from space 26624K, 67% used [0x00000000fc000000,0x00000000fd1ad0d8,0x00000000fda00000)
  to   space 44032K, 0% used [0x00000000f8400000,0x00000000f8400000,0x00000000faf00000)
 ParOldGen       total 189440K, used 112136K [0x00000000a0000000, 0x00000000ab900000, 0x00000000e0000000)
  object space 189440K, 59% used [0x00000000a0000000,0x00000000a6d82110,0x00000000ab900000)
 Metaspace       used 77217K, capacity 83168K, committed 83328K, reserved 1122304K
  class space    used 9890K, capacity 11296K, committed 11392K, reserved 1048576K
}
Event: 652.546 GC heap before
{Heap before GC invocations=20 (full 3):
 PSYoungGen      total 423936K, used 415412K [0x00000000e0000000, 0x00000000fda00000, 0x0000000100000000)
  eden space 397312K, 100% used [0x00000000e0000000,0x00000000f8400000,0x00000000f8400000)
  from space 26624K, 67% used [0x00000000fc000000,0x00000000fd1ad0d8,0x00000000fda00000)
  to   space 44032K, 0% used [0x00000000f8400000,0x00000000f8400000,0x00000000faf00000)
 ParOldGen       total 189440K, used 112136K [0x00000000a0000000, 0x00000000ab900000, 0x00000000e0000000)
  object space 189440K, 59% used [0x00000000a0000000,0x00000000a6d82110,0x00000000ab900000)
 Metaspace       used 77432K, capacity 83492K, committed 83584K, reserved 1122304K
  class space    used 9903K, capacity 11338K, committed 11392K, reserved 1048576K
Event: 652.586 GC heap after
Heap after GC invocations=20 (full 3):
 PSYoungGen      total 412160K, used 29574K [0x00000000e0000000, 0x00000000fcd80000, 0x0000000100000000)
  eden space 382464K, 0% used [0x00000000e0000000,0x00000000e0000000,0x00000000f7580000)
  from space 29696K, 99% used [0x00000000f8400000,0x00000000fa0e1838,0x00000000fa100000)
  to   space 45056K, 0% used [0x00000000fa180000,0x00000000fa180000,0x00000000fcd80000)
 ParOldGen       total 189440K, used 112144K [0x00000000a0000000, 0x00000000ab900000, 0x00000000e0000000)
  object space 189440K, 59% used [0x00000000a0000000,0x00000000a6d84110,0x00000000ab900000)
 Metaspace       used 77432K, capacity 83492K, committed 83584K, reserved 1122304K
  class space    used 9903K, capacity 11338K, committed 11392K, reserved 1048576K
}

Deoptimization events (10 events):
Event: 656.310 Thread 0x000000001d5c5000 Uncommon trap: reason=class_check action=maybe_recompile pc=0x0000000006685b68 method=org.gradle.api.internal.changedetection.state.AbstractNormalizedFileSnapshot.compareTo(Ljava/lang/Object;)I @ 2
Event: 656.310 Thread 0x000000001d5c5000 Uncommon trap: reason=class_check action=maybe_recompile pc=0x000000000667f7f8 method=org.gradle.api.internal.changedetection.state.AbstractNormalizedFileSnapshot.compareTo(Lorg/gradle/api/internal/changedetection/state/NormalizedFileSnapshot;)I @ 1
Event: 656.310 Thread 0x000000001d5c5000 Uncommon trap: reason=class_check action=maybe_recompile pc=0x0000000006685b68 method=org.gradle.api.internal.changedetection.state.AbstractNormalizedFileSnapshot.compareTo(Ljava/lang/Object;)I @ 2
Event: 656.310 Thread 0x000000001d5c5000 Uncommon trap: reason=class_check action=maybe_recompile pc=0x000000000667f7f8 method=org.gradle.api.internal.changedetection.state.AbstractNormalizedFileSnapshot.compareTo(Lorg/gradle/api/internal/changedetection/state/NormalizedFileSnapshot;)I @ 1
Event: 656.310 Thread 0x000000001d5c5000 Uncommon trap: reason=class_check action=maybe_recompile pc=0x0000000006685b68 method=org.gradle.api.internal.changedetection.state.AbstractNormalizedFileSnapshot.compareTo(Ljava/lang/Object;)I @ 2
Event: 656.310 Thread 0x000000001d5c5000 Uncommon trap: reason=class_check action=maybe_recompile pc=0x000000000667f7f8 method=org.gradle.api.internal.changedetection.state.AbstractNormalizedFileSnapshot.compareTo(Lorg/gradle/api/internal/changedetection/state/NormalizedFileSnapshot;)I @ 1
Event: 827.911 Thread 0x000000001d5c5800 Uncommon trap: reason=array_check action=maybe_recompile pc=0x0000000007f41414 method=java.util.ComparableTimSort.reverseRange([Ljava/lang/Object;II)V @ 20
Event: 827.980 Thread 0x000000001d5c5800 Uncommon trap: reason=array_check action=maybe_recompile pc=0x0000000007f41414 method=java.util.ComparableTimSort.reverseRange([Ljava/lang/Object;II)V @ 20
Event: 827.985 Thread 0x000000001d5c5800 Uncommon trap: reason=array_check action=maybe_recompile pc=0x0000000007f41414 method=java.util.ComparableTimSort.reverseRange([Ljava/lang/Object;II)V @ 20
Event: 828.006 Thread 0x000000001d5c5800 Uncommon trap: reason=array_check action=maybe_recompile pc=0x0000000007f41414 method=java.util.ComparableTimSort.reverseRange([Ljava/lang/Object;II)V @ 20

Classes redefined (0 events):
No events

Internal exceptions (10 events):
Event: 830.594 Thread 0x000000001d5c5800 Exception <a 'sun/nio/fs/WindowsException'> (0x00000000e9e327f0) thrown at [D:\src\AOSP-openjdk-cygwin\jdk8u\hotspot\src\share\vm\prims\jni.cpp, line 709]
Event: 830.595 Thread 0x000000001d5c5800 Exception <a 'sun/nio/fs/WindowsException'> (0x00000000e9e334d8) thrown at [D:\src\AOSP-openjdk-cygwin\jdk8u\hotspot\src\share\vm\prims\jni.cpp, line 709]
Event: 830.602 Thread 0x000000001d5c5800 Exception <a 'sun/nio/fs/WindowsException'> (0x00000000e9e36af8) thrown at [D:\src\AOSP-openjdk-cygwin\jdk8u\hotspot\src\share\vm\prims\jni.cpp, line 709]
Event: 830.602 Thread 0x000000001d5c5800 Exception <a 'sun/nio/fs/WindowsException'> (0x00000000e9e376c8) thrown at [D:\src\AOSP-openjdk-cygwin\jdk8u\hotspot\src\share\vm\prims\jni.cpp, line 709]
Event: 830.602 Thread 0x000000001d5c5800 Exception <a 'sun/nio/fs/WindowsException'> (0x00000000e9e392e0) thrown at [D:\src\AOSP-openjdk-cygwin\jdk8u\hotspot\src\share\vm\prims\jni.cpp, line 709]
Event: 830.602 Thread 0x000000001d5c5800 Exception <a 'sun/nio/fs/WindowsException'> (0x00000000e9e39ee8) thrown at [D:\src\AOSP-openjdk-cygwin\jdk8u\hotspot\src\share\vm\prims\jni.cpp, line 709]
Event: 830.603 Thread 0x000000001d5c5800 Exception <a 'sun/nio/fs/WindowsException'> (0x00000000e9e3cae0) thrown at [D:\src\AOSP-openjdk-cygwin\jdk8u\hotspot\src\share\vm\prims\jni.cpp, line 709]
Event: 830.603 Thread 0x000000001d5c5800 Exception <a 'sun/nio/fs/WindowsException'> (0x00000000e9e3d788) thrown at [D:\src\AOSP-openjdk-cygwin\jdk8u\hotspot\src\share\vm\prims\jni.cpp, line 709]
Event: 830.604 Thread 0x000000001d5c5800 Exception <a 'sun/nio/fs/WindowsException'> (0x00000000e9e3f468) thrown at [D:\src\AOSP-openjdk-cygwin\jdk8u\hotspot\src\share\vm\prims\jni.cpp, line 709]
Event: 830.604 Thread 0x000000001d5c5800 Exception <a 'sun/nio/fs/WindowsException'> (0x00000000e9e40150) thrown at [D:\src\AOSP-openjdk-cygwin\jdk8u\hotspot\src\share\vm\prims\jni.cpp, line 709]

Events (10 events):
Event: 832.175 Executing VM operation: RevokeBias
Event: 832.175 Executing VM operation: RevokeBias done
Event: 832.290 Thread 0x000000001d5c8000 DEOPT PACKING pc=0x0000000007591997 sp=0x000000003934e3d0
Event: 832.290 Thread 0x000000001d5c8000 DEOPT UNPACKING pc=0x00000000048775bf sp=0x000000003934e138 mode 0
Event: 832.572 Executing VM operation: BulkRevokeBias
Event: 832.573 Executing VM operation: BulkRevokeBias done
Event: 832.576 Executing VM operation: RevokeBias
Event: 832.576 Executing VM operation: RevokeBias done
Event: 832.576 Executing VM operation: BulkRevokeBias
Event: 832.577 Executing VM operation: BulkRevokeBias done


Dynamic libraries:
0x00007ff6f8d70000 - 0x00007ff6f8da1000 	C:\Program Files\Android\Android Studio\jre\bin\java.exe
0x00007ffbb6390000 - 0x00007ffbb6570000 	C:\WINDOWS\SYSTEM32\ntdll.dll
0x00007ffb8a660000 - 0x00007ffb8a694000 	C:\Program Files\AVAST Software\Avast\x64\aswhooka.dll
0x00007ffbb3fd0000 - 0x00007ffbb407e000 	C:\WINDOWS\System32\KERNEL32.DLL
0x00007ffbb3230000 - 0x00007ffbb3496000 	C:\WINDOWS\System32\KERNELBASE.dll
0x00007ffbb3b90000 - 0x00007ffbb3c31000 	C:\WINDOWS\System32\ADVAPI32.dll
0x00007ffbb5ae0000 - 0x00007ffbb5b7d000 	C:\WINDOWS\System32\msvcrt.dll
0x00007ffbb5eb0000 - 0x00007ffbb5f0b000 	C:\WINDOWS\System32\sechost.dll
0x00007ffbb4080000 - 0x00007ffbb419f000 	C:\WINDOWS\System32\RPCRT4.dll
0x00007ffbb5950000 - 0x00007ffbb5adf000 	C:\WINDOWS\System32\USER32.dll
0x00007ffbb2990000 - 0x00007ffbb29b0000 	C:\WINDOWS\System32\win32u.dll
0x00007ffbb41a0000 - 0x00007ffbb41c8000 	C:\WINDOWS\System32\GDI32.dll
0x00007ffbb2790000 - 0x00007ffbb2923000 	C:\WINDOWS\System32\gdi32full.dll
0x00007ffbb35f0000 - 0x00007ffbb368b000 	C:\WINDOWS\System32\msvcp_win.dll
0x00007ffbb34f0000 - 0x00007ffbb35e6000 	C:\WINDOWS\System32\ucrtbase.dll
0x00007ffba5d60000 - 0x00007ffba5fc9000 	C:\WINDOWS\WinSxS\amd64_microsoft.windows.common-controls_6595b64144ccf1df_6.0.16299.248_none_15ced204935f55d7\COMCTL32.dll
0x00007ffbb3cc0000 - 0x00007ffbb3fc8000 	C:\WINDOWS\System32\combase.dll
0x00007ffbb29b0000 - 0x00007ffbb2a22000 	C:\WINDOWS\System32\bcryptPrimitives.dll
0x00007ffbb5920000 - 0x00007ffbb594d000 	C:\WINDOWS\System32\IMM32.DLL
0x000000005fa10000 - 0x000000005fae2000 	C:\Program Files\Android\Android Studio\jre\jre\bin\msvcr100.dll
0x000000005d0b0000 - 0x000000005d8ee000 	C:\Program Files\Android\Android Studio\jre\jre\bin\server\jvm.dll
0x00007ffbb42e0000 - 0x00007ffbb42e8000 	C:\WINDOWS\System32\PSAPI.DLL
0x00007ffba2e70000 - 0x00007ffba2e79000 	C:\WINDOWS\SYSTEM32\WSOCK32.dll
0x00007ffbb38d0000 - 0x00007ffbb393c000 	C:\WINDOWS\System32\WS2_32.dll
0x00007ffbae2a0000 - 0x00007ffbae2c3000 	C:\WINDOWS\SYSTEM32\WINMM.dll
0x00007ffbaa170000 - 0x00007ffbaa17a000 	C:\WINDOWS\SYSTEM32\VERSION.dll
0x00007ffbae240000 - 0x00007ffbae26a000 	C:\WINDOWS\SYSTEM32\WINMMBASE.dll
0x00007ffbb34a0000 - 0x00007ffbb34ea000 	C:\WINDOWS\System32\cfgmgr32.dll
0x00007ffba5fe0000 - 0x00007ffba5fef000 	C:\Program Files\Android\Android Studio\jre\jre\bin\verify.dll
0x00007ffb85850000 - 0x00007ffb85879000 	C:\Program Files\Android\Android Studio\jre\jre\bin\java.dll
0x00007ffb9bbf0000 - 0x00007ffb9bc06000 	C:\Program Files\Android\Android Studio\jre\jre\bin\zip.dll
0x00007ffbb4370000 - 0x00007ffbb57a6000 	C:\WINDOWS\System32\SHELL32.dll
0x00007ffbb3940000 - 0x00007ffbb39e6000 	C:\WINDOWS\System32\shcore.dll
0x00007ffbb2a30000 - 0x00007ffbb3177000 	C:\WINDOWS\System32\windows.storage.dll
0x00007ffbb4310000 - 0x00007ffbb4361000 	C:\WINDOWS\System32\shlwapi.dll
0x00007ffbb2770000 - 0x00007ffbb2781000 	C:\WINDOWS\System32\kernel.appcore.dll
0x00007ffbb2720000 - 0x00007ffbb276c000 	C:\WINDOWS\System32\powrprof.dll
0x00007ffbb26e0000 - 0x00007ffbb26fb000 	C:\WINDOWS\System32\profapi.dll
0x00007ffb92490000 - 0x00007ffb924aa000 	C:\Program Files\Android\Android Studio\jre\jre\bin\net.dll
0x00007ffbb1f70000 - 0x00007ffbb1fd6000 	C:\WINDOWS\system32\mswsock.dll
0x00007ffb85e70000 - 0x00007ffb85e81000 	C:\Program Files\Android\Android Studio\jre\jre\bin\nio.dll
0x00007ffbae320000 - 0x00007ffbae33e000 	C:\Users\AFA\.gradle\native\25\windows-amd64\native-platform.dll
0x00007ffb97c70000 - 0x00007ffb97c7d000 	C:\Program Files\Android\Android Studio\jre\jre\bin\management.dll
0x00007ffbb2130000 - 0x00007ffbb2147000 	C:\WINDOWS\SYSTEM32\CRYPTSP.dll
0x00007ffbb1b80000 - 0x00007ffbb1bb3000 	C:\WINDOWS\system32\rsaenh.dll
0x00007ffbb2240000 - 0x00007ffbb2265000 	C:\WINDOWS\SYSTEM32\bcrypt.dll
0x00007ffbb2610000 - 0x00007ffbb2639000 	C:\WINDOWS\SYSTEM32\USERENV.dll
0x00007ffbb2150000 - 0x00007ffbb215b000 	C:\WINDOWS\SYSTEM32\CRYPTBASE.dll
0x00007ffbb1d00000 - 0x00007ffbb1d39000 	C:\WINDOWS\SYSTEM32\IPHLPAPI.DLL
0x00007ffbb3860000 - 0x00007ffbb3868000 	C:\WINDOWS\System32\NSI.dll
0x00007ffbabbf0000 - 0x00007ffbabc06000 	C:\WINDOWS\SYSTEM32\dhcpcsvc6.DLL
0x00007ffbabbd0000 - 0x00007ffbabbea000 	C:\WINDOWS\SYSTEM32\dhcpcsvc.DLL
0x00007ffbb1820000 - 0x00007ffbb1851000 	C:\WINDOWS\SYSTEM32\ntmarta.dll

VM Arguments:
jvm_args: -Xmx1536m -Dfile.encoding=windows-1252 -Duser.country=GB -Duser.language=en -Duser.variant 
java_command: org.gradle.launcher.daemon.bootstrap.GradleDaemon 4.1
java_class_path (initial): C:\Users\AFA\.gradle\wrapper\dists\gradle-4.1-all\bzyivzo6n839fup2jbap0tjew\gradle-4.1\lib\gradle-launcher-4.1.jar
Launcher Type: SUN_STANDARD

Environment Variables:
PATH=C:\Program Files (x86)\Intel\iCLS Client\;C:\Program Files\Intel\iCLS Client\;C:\Windows\system32;C:\Windows;C:\Windows\System32\Wbem;C:\Windows\System32\WindowsPowerShell\v1.0\;C:\Program Files (x86)\NVIDIA Corporation\PhysX\Common;C:\Program Files (x86)\Intel\Intel(R) Management Engine Components\DAL;C:\Program Files\Intel\Intel(R) Management Engine Components\DAL;C:\Program Files (x86)\Intel\Intel(R) Management Engine Components\IPT;C:\Program Files\Intel\Intel(R) Management Engine Components\IPT;C:\Program Files (x86)\Skype\Phone\;C:\Program Files\PuTTY\;C:\WINDOWS\system32;C:\WINDOWS;C:\WINDOWS\System32\Wbem;C:\WINDOWS\System32\WindowsPowerShell\v1.0\;C:\Program Files\Intel\WiFi\bin\;C:\Program Files\Common Files\Intel\WirelessCommon\;C:\Program Files\Git\cmd;C:\Users\AFA\AppData\Local\Microsoft\WindowsApps;;C:\Program Files (x86)\Microsoft VS Code\bin;C:\Program Files\Intel\WiFi\bin\;C:\Program Files\Common Files\Intel\WirelessCommon\
USERNAME=AFA
OS=Windows_NT
PROCESSOR_IDENTIFIER=Intel64 Family 6 Model 142 Stepping 9, GenuineIntel



---------------  S Y S T E M  ---------------

OS: Windows 10.0 , 64 bit Build 16299 (10.0.16299.15)

CPU:total 4 (initial active 4) (2 cores per cpu, 2 threads per core) family 6 model 142 stepping 9, cmov, cx8, fxsr, mmx, sse, sse2, sse3, ssse3, sse4.1, sse4.2, popcnt, avx, avx2, aes, clmul, erms, 3dnowpref, lzcnt, ht, tsc, tscinvbit, bmi1, bmi2, adx

Memory: 4k page, physical 16673240k(4425056k free), swap 19674584k(3988k free)

vm_info: OpenJDK 64-Bit Server VM (25.152-b01) for windows-amd64 JRE (1.8.0_152-release-915-b01), built by "builder" with MS VC++ 10.0 (VS2010)

time: Tue Feb 27 20:27:18 2018
elapsed time: 832 seconds (0d 0h 13m 52s)

